[INFO] 00:20:59:683 TP0/(6815:6815): soy un log
[INFO] 00:25:28:022 TP0/(7236:7236): Soy un log
[INFO] 00:26:35:511 TP0/(7375:7375): Soy un log
[INFO] 10:48:08:383 TP0/(4779:4779): Soy un log
[INFO] 10:48:35:075 TP0/(4840:4840): Soy un log
[INFO] 10:49:35:794 TP0/(4930:4930): Soy un log
[INFO] 10:49:35:794 TP0/(4930:4930): À·l·À·l·la
[INFO] 10:49:56:219 TP0/(4965:4965): Soy un log
[INFO] 10:49:56:220 TP0/(4965:4965): hola
[INFO] 10:50:12:801 TP0/(5001:5001): Soy un log
[INFO] 10:50:12:801 TP0/(5001:5001): valor
[INFO] 10:56:11:579 TP0/(5672:5672): Soy un log
[INFO] 10:56:11:581 TP0/(5672:5672): valor
[INFO] 10:56:16:401 TP0/(5672:5672): hola
[INFO] 10:56:18:641 TP0/(5672:5672): chau
[INFO] 11:00:06:267 TP0/(6064:6064): Soy un log
[INFO] 11:00:06:268 TP0/(6064:6064): valor
[INFO] 11:00:10:549 TP0/(6064:6064): ara
[INFO] 11:01:26:584 TP0/(6219:6219): Soy un log
[INFO] 11:01:26:592 TP0/(6219:6219): valor
[INFO] 11:01:29:259 TP0/(6219:6219): h
[INFO] 11:01:29:862 TP0/(6219:6219): o
[INFO] 11:01:30:530 TP0/(6219:6219): l
[INFO] 11:02:04:645 TP0/(6305:6305): Soy un log
[INFO] 11:02:04:650 TP0/(6305:6305): valor
[INFO] 11:02:08:831 TP0/(6305:6305): hola
[INFO] 11:02:10:280 TP0/(6305:6305): puta
[INFO] 11:05:04:042 TP0/(6610:6610): Soy un log
[INFO] 11:05:04:055 TP0/(6610:6610): valor
[INFO] 11:05:09:835 TP0/(6610:6610): salvame
[INFO] 11:05:38:862 TP0/(6695:6695): Soy un log
[INFO] 11:05:38:864 TP0/(6695:6695): valor
[INFO] 11:05:41:267 TP0/(6695:6695): hola
[INFO] 11:05:43:960 TP0/(6695:6695): como va
[INFO] 11:17:59:949 TP0/(7780:7780): Soy un log
[INFO] 11:17:59:950 TP0/(7780:7780): valor
[INFO] 11:18:02:081 TP0/(7780:7780): hh
[INFO] 11:18:02:847 TP0/(7780:7780): hh
[INFO] 11:38:55:130 TP0/(9772:9772): Soy un log
[INFO] 11:38:55:133 TP0/(9772:9772): valor
[INFO] 11:38:55:133 TP0/(9772:9772): 127.0.0.1
[INFO] 11:38:55:133 TP0/(9772:9772): 4444
[INFO] 11:55:00:805 TP0/(11244:11244): Soy un log
[INFO] 11:55:00:806 TP0/(11244:11244): valor
[INFO] 11:55:00:807 TP0/(11244:11244): 127.0.0.1
[INFO] 11:55:00:807 TP0/(11244:11244): 4444
[INFO] 12:00:32:560 TP0/(11781:11781): Soy un log
[INFO] 12:00:32:563 TP0/(11781:11781): valor
[INFO] 12:00:32:563 TP0/(11781:11781): 127.0.0.1
[INFO] 12:00:32:563 TP0/(11781:11781): 4444
[INFO] 14:03:33:876 TP0/(3840:3840): Soy un log
[INFO] 14:03:33:878 TP0/(3840:3840): valor
[INFO] 14:03:33:878 TP0/(3840:3840): 127.0.0.1
[INFO] 14:03:33:878 TP0/(3840:3840): 4444
[INFO] 14:03:37:057 TP0/(3840:3840): hola
[INFO] 14:07:25:974 TP0/(4298:4298): Soy un log
[INFO] 14:07:25:974 TP0/(4298:4298): valor
[INFO] 14:07:25:974 TP0/(4298:4298): 127.0.0.1
[INFO] 14:07:25:974 TP0/(4298:4298): 4444
[INFO] 14:25:03:462 TP0/(3856:3856): Soy un log
[INFO] 14:25:03:466 TP0/(3856:3856): valor
[INFO] 14:25:03:466 TP0/(3856:3856): 127.0.0.1
[INFO] 14:25:03:466 TP0/(3856:3856): 4444
[INFO] 14:25:45:628 TP0/(3942:3942): Soy un log
[INFO] 14:25:45:629 TP0/(3942:3942): valor
[INFO] 14:25:45:629 TP0/(3942:3942): 127.0.0.1
[INFO] 14:25:45:629 TP0/(3942:3942): 4444
[INFO] 14:27:23:995 TP0/(4145:4145): Soy un log
[INFO] 14:27:23:996 TP0/(4145:4145): valor
[INFO] 14:27:23:996 TP0/(4145:4145): 127.0.0.1
[INFO] 14:27:23:997 TP0/(4145:4145): 4444
[INFO] 14:27:29:185 TP0/(4145:4145): l
[INFO] 17:04:11:455 TP0/(5328:5328): Soy un log
[INFO] 17:04:11:458 TP0/(5328:5328): valor
[INFO] 17:04:11:458 TP0/(5328:5328): 127.0.0.1
[INFO] 17:04:11:458 TP0/(5328:5328): 4444
[INFO] 17:04:21:159 TP0/(5328:5328): h
[INFO] 17:07:07:718 TP0/(5786:5786): Soy un log
[INFO] 17:07:07:719 TP0/(5786:5786): valor
[INFO] 17:07:07:719 TP0/(5786:5786): 127.0.0.1
[INFO] 17:07:07:719 TP0/(5786:5786): 4444
[INFO] 17:07:07:719 TP0/(5786:5786): crear socket
[INFO] 17:07:07:719 TP0/(5786:5786): Se conecto correctamente
[INFO] 17:07:07:719 TP0/(5786:5786): crear conexion
[INFO] 19:49:18:380 TP0/(3338:3338): Soy un log
[INFO] 19:49:18:384 TP0/(3338:3338): valor
[INFO] 19:49:18:385 TP0/(3338:3338): 127.0.0.1
[INFO] 19:49:18:385 TP0/(3338:3338): 4444
[INFO] 19:49:18:385 TP0/(3338:3338): crear socket
[INFO] 19:49:18:385 TP0/(3338:3338): Se conecto correctamente
[INFO] 19:49:18:385 TP0/(3338:3338): crear conexion
[INFO] 20:02:44:805 TP0/(5485:5485): Soy un log
[INFO] 20:02:44:808 TP0/(5485:5485): valor
[INFO] 20:02:44:808 TP0/(5485:5485): 127.0.0.1
[INFO] 20:02:44:808 TP0/(5485:5485): 4444
[INFO] 20:02:44:808 TP0/(5485:5485): crear socket
[INFO] 20:02:44:808 TP0/(5485:5485): Se conecto correctamente
[INFO] 20:02:54:861 TP0/(5485:5485): hola
[INFO] 20:02:56:673 TP0/(5485:5485): ara
[INFO] 20:10:25:242 TP0/(6527:6527): Soy un log
[INFO] 20:10:25:249 TP0/(6527:6527): valor
[INFO] 20:10:25:249 TP0/(6527:6527): 127.0.0.1
[INFO] 20:10:25:250 TP0/(6527:6527): 4444
[INFO] 20:10:25:250 TP0/(6527:6527): crear socket
[INFO] 20:10:25:250 TP0/(6527:6527): Se conecto correctamente
[INFO] 20:10:54:577 TP0/(6527:6527): HOLA
[INFO] 20:11:00:956 TP0/(6527:6527): ccc
[INFO] 20:22:19:662 TP0/(8203:8203): Soy un log
[INFO] 20:22:19:662 TP0/(8203:8203): valor
[INFO] 20:22:19:662 TP0/(8203:8203): 127.0.0.1
[INFO] 20:22:19:663 TP0/(8203:8203): 4444
[INFO] 20:22:19:663 TP0/(8203:8203): crear socket
[INFO] 20:22:19:663 TP0/(8203:8203): Se conecto correctamente
[INFO] 20:22:27:329 TP0/(8203:8203): hola
[INFO] 20:22:28:246 TP0/(8203:8203): ara
[INFO] 20:22:30:360 TP0/(8203:8203): makina
